<?xml version="1.0" encoding="UTF-8"?>
<Site BuildName="Linux-g++"
	BuildStamp="20250821-1231-Experimental"
	Name="DAVIDS175"
	Generator="ctest-3.22.1"
	CompilerName="/usr/bin/g++"
	CompilerVersion="11.4.0"
	OSName="Linux"
	Hostname="DAVIDS175"
	OSRelease="6.6.87.2-microsoft-standard-WSL2"
	OSVersion="#1 SMP PREEMPT_DYNAMIC Thu Jun  5 18:30:46 UTC 2025"
	OSPlatform="x86_64"
	Is64Bits="1"
	VendorString="AuthenticAMD"
	VendorID="Advanced Micro Devices"
	FamilyID="25"
	ModelID="80"
	ProcessorCacheSize="512"
	NumberOfLogicalCPU="16"
	NumberOfPhysicalCPU="8"
	TotalVirtualMemory="2048"
	TotalPhysicalMemory="6858"
	LogicalProcessorsPerPhysical="2"
	ProcessorClockFrequency="3193.91"
	>
	<Testing>
		<StartDateTime>Aug 21 15:42 WEST</StartDateTime>
		<StartTestTime>1755787374</StartTestTime>
		<TestList/>
		<EndDateTime>Aug 21 15:42 WEST</EndDateTime>
		<EndTestTime>1755787374</EndTestTime>
		<ElapsedMinutes>0</ElapsedMinutes>
	</Testing>
</Site>
